<?xml version="1.0" encoding="UTF-8"?>
<!-- Generated by org.testng.reporters.JUnitXMLReporter -->
<testsuite ignored="0" hostname="DESKTOP-7JA3II5" failures="2" tests="20" name="Test" time="121.201" errors="0" timestamp="2021-05-19T20:02:10 AEST">
  <testcase classname="PageObjectModel.HomePage" name="login" time="0.297">
    <failure type="java.lang.IllegalArgumentException" message="Keys to send should be a not null CharSequence">
      <![CDATA[java.lang.IllegalArgumentException: Keys to send should be a not null CharSequence
at org.openqa.selenium.remote.RemoteWebElement.sendKeys(RemoteWebElement.java:97)
at PageObjectModel.JupitorHomePage.do_login(JupitorHomePage.java:58)
at PageObjectModel.HomePage.login(HomePage.java:50)
at java.base/java.util.ArrayList.forEach(ArrayList.java:1541)
... Removed 27 stack frames]]>
    </failure>
  </testcase> <!-- login -->
  <testcase classname="PageObjectModel.HomePage" name="login" time="0.704"/>
  <testcase classname="PageObjectModel.HomePage" name="login" time="0.696"/>
  <testcase classname="PageObjectModel.HomePage" name="login" time="0.71"/>
  <testcase classname="PageObjectModel.HomePage" name="login" time="0.706"/>
  <testcase classname="PageObjectModel.HomePage" name="login" time="0.686"/>
  <testcase classname="PageObjectModel.HomePage" name="login" time="0.684"/>
  <testcase classname="PageObjectModel.HomePage" name="hm_page_veri" time="0.386"/>
  <testcase classname="PageObjectModel.ContactPage" name="bcbuttn_valid" time="0.499"/>
  <testcase classname="PageObjectModel.ContactPage" name="feedbk" time="0.168">
    <failure type="java.lang.IllegalArgumentException" message="Keys to send should be a not null CharSequence">
      <![CDATA[java.lang.IllegalArgumentException: Keys to send should be a not null CharSequence
at org.openqa.selenium.remote.RemoteWebElement.sendKeys(RemoteWebElement.java:97)
at PageObjectModel.JupitorContactPage.do_feedbck(JupitorContactPage.java:74)
at PageObjectModel.ContactPage.feedbk(ContactPage.java:52)
at java.base/java.util.ArrayList.forEach(ArrayList.java:1541)
... Removed 27 stack frames]]>
    </failure>
  </testcase> <!-- feedbk -->
  <testcase classname="PageObjectModel.ContactPage" name="feedbk" time="17.682"/>
  <testcase classname="PageObjectModel.ContactPage" name="feedbk" time="13.862"/>
  <testcase classname="PageObjectModel.ContactPage" name="feedbk" time="4.442"/>
  <testcase classname="PageObjectModel.ContactPage" name="feedbk" time="3.939"/>
  <testcase classname="PageObjectModel.ContactPage" name="feedbk" time="6.633"/>
  <testcase classname="PageObjectModel.ContactPage" name="feedbk" time="2.878"/>
  <testcase classname="PageObjectModel.ContactPage" name="cont_page_veri" time="0.421"/>
  <testcase classname="PageObjectModel.CartPage" name="crt_page_veri" time="0.383"/>
  <testcase classname="PageObjectModel.CartPage" name="shooop_pge" time="0.651"/>
  <testcase classname="PageObjectModel.CartPage" name="chhk_crt" time="0.644"/>
</testsuite> <!-- Test -->
