<?xml version="1.0" encoding="UTF-8"?>
<!-- Generated by org.testng.reporters.JUnitXMLReporter -->
<testsuite ignored="0" hostname="DESKTOP-7JA3II5" failures="3" tests="14" name="juipiterToysTest" time="85.655" errors="0" timestamp="2021-05-20T15:46:38 AEST">
  <testcase classname="PageObjectModel.HomePage" name="login" time="0.241">
    <failure type="java.lang.IllegalArgumentException" message="Keys to send should be a not null CharSequence">
      <![CDATA[java.lang.IllegalArgumentException: Keys to send should be a not null CharSequence
at org.openqa.selenium.remote.RemoteWebElement.sendKeys(RemoteWebElement.java:97)
at PageObjectModel.JupitorHomePage.dologin(JupitorHomePage.java:58)
at PageObjectModel.HomePage.login(HomePage.java:50)
at java.base/java.util.ArrayList.forEach(ArrayList.java:1541)
... Removed 27 stack frames]]>
    </failure>
  </testcase> <!-- login -->
  <testcase classname="PageObjectModel.HomePage" name="login" time="0.722"/>
  <testcase classname="PageObjectModel.HomePage" name="login" time="0.671"/>
  <testcase classname="PageObjectModel.HomePage" name="hmpageveri" time="0.357"/>
  <testcase classname="PageObjectModel.ContactPage" name="bcbuttnvalid" time="0.499"/>
  <testcase classname="PageObjectModel.ContactPage" name="feedbk" time="0.17">
    <failure type="java.lang.IllegalArgumentException" message="Keys to send should be a not null CharSequence">
      <![CDATA[java.lang.IllegalArgumentException: Keys to send should be a not null CharSequence
at org.openqa.selenium.remote.RemoteWebElement.sendKeys(RemoteWebElement.java:97)
at PageObjectModel.JupitorContactPage.dofeedbck(JupitorContactPage.java:63)
at PageObjectModel.ContactPage.feedbk(ContactPage.java:52)
at java.base/java.util.ArrayList.forEach(ArrayList.java:1541)
... Removed 27 stack frames]]>
    </failure>
  </testcase> <!-- feedbk -->
  <testcase classname="PageObjectModel.ContactPage" name="feedbk" time="2.901"/>
  <testcase classname="PageObjectModel.ContactPage" name="feedbk" time="17.578"/>
  <testcase classname="PageObjectModel.ContactPage" name="contpageveri" time="0.361"/>
  <testcase classname="PageObjectModel.CartPage" name="chhkcrt" time="1.559">
    <failure type="java.lang.IllegalArgumentException" message="Keys to send should be a not null CharSequence">
      <![CDATA[java.lang.IllegalArgumentException: Keys to send should be a not null CharSequence
at org.openqa.selenium.remote.RemoteWebElement.sendKeys(RemoteWebElement.java:97)
at PageObjectModel.JupitorCartPage.cartpgevalidtn(JupitorCartPage.java:99)
at PageObjectModel.CartPage.chhkcrt(CartPage.java:57)
at java.base/java.util.ArrayList.forEach(ArrayList.java:1541)
... Removed 27 stack frames]]>
    </failure>
  </testcase> <!-- chhkcrt -->
  <testcase classname="PageObjectModel.CartPage" name="chhkcrt" time="5.646"/>
  <testcase classname="PageObjectModel.CartPage" name="chhkcrt" time="5.645"/>
  <testcase classname="PageObjectModel.CartPage" name="crtpageveri" time="0.382"/>
  <testcase classname="PageObjectModel.CartPage" name="shoooppge" time="0.574"/>
</testsuite> <!-- juipiterToysTest -->
